1560938887137	mozrunner::runner	INFO	Running command: "C:\\Program Files\\Mozilla Firefox\\firefox.exe" "-marionette" "-foreground" "-no-remote" "-profile" "C:\\Users\\Liu.DA\\AppData\\Local\\Temp\\rust_mozprofile.JhSoqjvXHwjd"
1560939227002	mozrunner::runner	INFO	Running command: "C:\\Program Files\\Mozilla Firefox\\firefox.exe" "-marionette" "-foreground" "-no-remote" "-profile" "C:\\Users\\Liu.DA\\AppData\\Local\\Temp\\rust_mozprofile.qupqJ291TdYC"
1560939227557	addons.webextension.screenshots@mozilla.org	WARN	Loading extension 'screenshots@mozilla.org': Reading manifest: Invalid extension permission: mozillaAddons
1560939227557	addons.webextension.screenshots@mozilla.org	WARN	Loading extension 'screenshots@mozilla.org': Reading manifest: Invalid extension permission: resource://pdf.js/
1560939227558	addons.webextension.screenshots@mozilla.org	WARN	Loading extension 'screenshots@mozilla.org': Reading manifest: Invalid extension permission: about:reader*
1560939230806	Marionette	INFO	Listening on port 60419
1560939230849	Marionette	WARN	TLS certificate errors will be ignored for this session
JavaScript error: https://ss1.bdstatic.com/5eN1bjq8AAUYm2zgoY3K/r/www/cache/static/protocol/https/jquery/jquery-1.10.2.min_65682a2.js, line 52: Error: Syntax error, unrecognized expression: .c-container /deep/ .c-container
JavaScript error: https://ss1.bdstatic.com/5eN1bjq8AAUYm2zgoY3K/r/www/cache/static/protocol/https/jquery/jquery-1.10.2.min_65682a2.js, line 52: Error: Syntax error, unrecognized expression: .c-container /deep/ .c-container
1560939239796	Marionette	INFO	Stopped listening on port 60419
[Parent 33256, Gecko_IOThread] WARNING: pipe error: 109: file z:/task_1560820494/build/src/ipc/chromium/src/chrome/common/ipc_channel_win.cc, line 341
[Child 42296, Chrome_ChildThread] WARNING: pipe error: 109: file z:/task_1560820494/build/src/ipc/chromium/src/chrome/common/ipc_channel_win.cc, line 341
[Child 42296, Chrome_[Child 20760, Chrome_ChildThread] WARNING: pipe error: 109: file z:/task_1560820494/build/src/ipc/chromium/src/chrome/common/ipc_channel_win.cc, line 341
[Child 20760, Chro
###!!! [Child][MessageChannel::SendAndWait] Error: Channel error: cannot send/recv

1560939290123	mozrunner::runner	INFO	Running command: "C:\\Program Files\\Mozilla Firefox\\firefox.exe" "-marionette" "-foreground" "-no-remote" "-profile" "C:\\Users\\Liu.DA\\AppData\\Local\\Temp\\rust_mozprofile.CBzvkYNApy5t"
1560939291015	addons.webextension.screenshots@mozilla.org	WARN	Loading extension 'screenshots@mozilla.org': Reading manifest: Invalid extension permission: mozillaAddons
1560939291016	addons.webextension.screenshots@mozilla.org	WARN	Loading extension 'screenshots@mozilla.org': Reading manifest: Invalid extension permission: resource://pdf.js/
1560939291016	addons.webextension.screenshots@mozilla.org	WARN	Loading extension 'screenshots@mozilla.org': Reading manifest: Invalid extension permission: about:reader*
1560939294753	Marionette	INFO	Listening on port 60526
1560939295071	Marionette	WARN	TLS certificate errors will be ignored for this session
[Parent 27672, Gecko_IOThread] WARNING: pipe error: 109: file z:/task_1560820494/build/src/ipc/chromium/src/chrome/common/ipc_channel_win.cc, line 341
[Parent 27672, Gecko_IOThread] WARNING: pipe error: 109: file z:/task_1560820494/build/src/ipc/chromium/src/chrome/common/ipc_channel_win.cc, line 341
[Parent 27672, Gecko_IOThread] WARNING: pipe error: 109: file z:/task_1560820494/build/src/ipc/chromium/src/chrome/common/ipc_channel_win.cc, line 341
IPDL protocol error: Handler returned error code!

###!!! [Parent][DispatchAsyncMessage] Error: PLayerTransaction::Msg_ReleaseLayer Processing error: message was deserialized, but the handler returned false (indicating failure)


###!!! [Child][MessageChannel] Error: (msgtype=0x530005,name=PHttpChannel::Msg_Cancel) Closed channel: cannot send/recv

[Child 38532, Ch[Child 20920, Chrome_ChildThread] WARNING: pipe error: 109: file z:/task_1560820494/build/src/ipc/chromium/src/chrome/common/ipc_channel_win.cc, line 341
[Child 2[Parent 27672, Gecko_IOThread] WARNING: pipe error: 109: file z:/task_1560820494/build/src/ipc/chromium/src/chrome/common/ipc_channel_win.cc, line 341
[Child 12072, Chrome_ChildThread] WARNING: pipe error: 109: file z:/task_1560820494/build/src/ipc/chromium/src/chrome/common/ipc_channel_win.cc, line 341
[Child 12072, C1560939411100	Marionette	INFO	Stopped listening on port 60526

###!!! [Child][RunMessage] Error: Channel closing: too late to send/recv, messages will be lost

[GPU 3808
###!!! [Child][MessageChannel::SendAndWait] Error: Channel error: cannot send/recv

1560939469353	mozrunner::runner	INFO	Running command: "C:\\Program Files\\Mozilla Firefox\\firefox.exe" "-marionette" "-foreground" "-no-remote" "-profile" "C:\\Users\\Liu.DA\\AppData\\Local\\Temp\\rust_mozprofile.ldplmsQKPxpc"
1560939470432	addons.webextension.screenshots@mozilla.org	WARN	Loading extension 'screenshots@mozilla.org': Reading manifest: Invalid extension permission: mozillaAddons
1560939470432	addons.webextension.screenshots@mozilla.org	WARN	Loading extension 'screenshots@mozilla.org': Reading manifest: Invalid extension permission: resource://pdf.js/
1560939470432	addons.webextension.screenshots@mozilla.org	WARN	Loading extension 'screenshots@mozilla.org': Reading manifest: Invalid extension permission: about:reader*
1560939475413	Marionette	INFO	Listening on port 60751
1560939475900	Marionette	WARN	TLS certificate errors will be ignored for this session
console.error: BroadcastService: 
  receivedBroadcastMessage: handler for
  remote-settings/monitor_changes
  threw error:
  Message: Error: Polling for changes failed: http://%(server)s/dummy/blocklist//buckets/monitor/collections/changes/records?_expected=%221560874615921%22 is not a valid URL..
  Stack:
    remoteSettingsFunction/remoteSettings.pollChanges@resource://services-settings/remote-settings.js:203:13

[Parent 18052, Gecko_IOThread] WARNING: pipe error: 109: file z:/task_1560820494/build/src/ipc/chromium/src/chrome/common/ipc_channel_win.cc, line 341
[Parent 18052, Gecko_IOThread] WARNING: pipe error: 109: file z:/task_1560820494/build/src/ipc/chromium/src/chrome/common/ipc_channel_win.cc, line 341
[Child 11300, Chrome_ChildThread] WARNING: pipe error: 109: file z:/task_1560820494/build/src/ipc/chromium/src/chrome/comm[Child 26792, Chrome_ConhildThread] W/ipc_channel_ARNINGwin.cc, line 341
: pipe e[Child 11300rror: 109: file z:/task_1560820494/build/src/ipc/chromium/src/chrome/common/ipc_channel_win.cc, line 341
[Child 26792, Chro1560939667763	Marionette	INFO	Stopped listening on port 60751

###!!! [Child][MessageChannel::SendAndWait] Error: Channel error: cannot send/recv

rror: 109: file z:/task_1560820494/build/src/ipc/chromium/src/chrome/common/ipc_channel_win.cc, line 341
[Child 40724, C[Parent 8808, Gecko_IOThread] WARNING: file z:/task_1560820494/build/src/ipc/chromium/src/base/process_util_win.cc, line 160
1560939606418	Marionette	INFO	Listening on port 60999
1560939606530	Marionette	WARN	TLS certificate errors will be ignored for this session
JavaScript error: https://ss1.bdstatic.com/5eN1bjq8AAUYm2zgoY3K/r/www/cache/static/protocol/https/jquery/jquery-1.10.2.min_65682a2.js, line 52: Error: Syntax error, unrecognized expression: .c-container /deep/ .c-container
JavaScript error: https://ss1.bdstatic.com/5eN1bjq8AAUYm2zgoY3K/r/www/cache/static/protocol/https/jquery/jquery-1.10.2.min_65682a2.js, line 52: Error: Syntax error, unrecognized expression: .c-container /deep/ .c-container
1560939614432	Marionette	INFO	Stopped listening on port 60999
[Child 25884, Chrome_ChildThread] WARNING: pipe error: 109: file z:/task_1560820494/build/src/ipc/chromium/src/chrome/common/ipc_channel_win.cc, line 341
[Child 25884,[C[Child 42744, Chrome_ChildThread] WARNING: pipe error: 109: file z:/task_1560820494/build/src/ipc/chromium/src/chrome/common/ipc_channel_win.cc, line 341
[Child 42[Parent 8808, Gecko_IOThread] WARNING: pipe error: 109: file z:/task_1560820494/build/src/ipc/chromium/src/chrome/common/ipc_channel_win.cc, line 341

###!!! [Parent][MessageChannel] Error: (msgtype=0x1F0099,name=PBrowser::Msg_UpdateNativeWindowHandle) Closed channel: cannot send/recv


###!!! [Parent][MessageChannel] Error: (msgtype=0x1F0088,name=PBrowser::Msg_Destroy) Closed channel: cannot send/recv

[Child 10800, Chrome_ChildThread] 
###!!! [Child][MessageChannel] Error: (msgtype=0x360113,name=PContent::Msg_DetachBrowsingContext) Closed channel: cannot send/recv

WARNING: pipe error: 109: f[GP
###!!! [Child][MessageChannel::SendAndWait] Error: Channel error: cannot send/recv

1560939653782	mozrunner::runner	INFO	Running command: "C:\\Program Files\\Mozilla Firefox\\firefox.exe" "-marionette" "-foreground" "-no-remote" "-profile" "C:\\Users\\Liu.DA\\AppData\\Local\\Temp\\rust_mozprofile.rR3873GH0aef"
1560939654760	addons.webextension.screenshots@mozilla.org	WARN	Loading extension 'screenshots@mozilla.org': Reading manifest: Invalid extension permission: mozillaAddons
1560939654760	addons.webextension.screenshots@mozilla.org	WARN	Loading extension 'screenshots@mozilla.org': Reading manifest: Invalid extension permission: resource://pdf.js/
1560939654760	addons.webextension.screenshots@mozilla.org	WARN	Loading extension 'screenshots@mozilla.org': Reading manifest: Invalid extension permission: about:reader*
1560939658303	Marionette	INFO	Listening on port 61117
1560939658742	Marionette	WARN	TLS certificate errors will be ignored for this session
JavaScript error: https://ss1.bdstatic.com/5eN1bjq8AAUYm2zgoY3K/r/www/cache/static/protocol/https/jquery/jquery-1.10.2.min_65682a2.js, line 52: Error: Syntax error, unrecognized expression: .c-container /deep/ .c-container
JavaScript error: https://ss1.bdstatic.com/5eN1bjq8AAUYm2zgoY3K/r/www/cache/static/protocol/https/jquery/jquery-1.10.2.min_65682a2.js, line 52: Error: Syntax error, unrecognized expression: .c-container /deep/ .c-container
1560939666903	Marionette	INFO	Stopped listening on port 61117
[Parent 26936, Gecko_IOThread] WARNING: pipe error: 109: file z:/task_1560820494/build/src/ipc/chromium/src/chrome/common/ipc_channel_win.cc, line 341
[Child 29672, Chrome_ChildThread] WARNING: pipe error: 109: file z:/task_1560820494/build/src/ipc/chromium/src/chrome/common/ipc_channel_win.cc, line 341
[Child 29672, Chrome_Ch[Parent 26936, Gecko_IOThread] WARNING: pipe error: 109: file z:/task_1560820494/build/src/ipc/chromium/src/chrome/common/ipc_channel_win.cc, line 341
[Child 30344, Chrome_ChildThread] WARNING: pipe error: 109: file z:/task_1560820494/build/src/ipc/chromium/src/chrome/common/ipc_channel_win.cc, line 341
[Child 30344, Ch[Parent 26936, Gecko_IOThread] WARNING: pipe error: 109: file z:/task_1560820494/build/src/ipc/chromium/src/chrome/common/ipc_channel_win.cc, line 341
[Child 6040, Chrome_ChildThread] WARNING: pipe error: 109: file z:/task_1560820494/build/src/ipc/chromium/src/chrome/common/ipc_channel_win.cc, line 341
[Child 6040, C[GPU 
###!!! [Child][RunMessage] Error: Channel closing: too late to send/recv, messages will be lost

3
###!!! [Child][MessageChannel::SendAndWait] Error: Channel error: cannot send/recv

1560939697105	mozrunner::runner	INFO	Running command: "C:\\Program Files\\Mozilla Firefox\\firefox.exe" "-marionette" "-foreground" "-no-remote" "-profile" "C:\\Users\\Liu.DA\\AppData\\Local\\Temp\\rust_mozprofile.HrZJvtAy7Njs"
1560939698056	addons.webextension.screenshots@mozilla.org	WARN	Loading extension 'screenshots@mozilla.org': Reading manifest: Invalid extension permission: mozillaAddons
1560939698057	addons.webextension.screenshots@mozilla.org	WARN	Loading extension 'screenshots@mozilla.org': Reading manifest: Invalid extension permission: resource://pdf.js/
1560939698057	addons.webextension.screenshots@mozilla.org	WARN	Loading extension 'screenshots@mozilla.org': Reading manifest: Invalid extension permission: about:reader*
1560939700919	Marionette	INFO	Listening on port 61207
1560939700943	Marionette	WARN	TLS certificate errors will be ignored for this session
IPDL protocol error: Handler returned error code!

###!!! [Parent][DispatchAsyncMessage] Error: PLayerTransaction::Msg_ReleaseLayer Processing error: message was deserialized, but the handler returned false (indicating failure)

IPDL protocol error: Handler returned error code!

###!!! [Parent][DispatchAsyncMessage] Error: PLayerTransaction::Msg_ReleaseLayer Processing error: message was deserialized, but the handler returned false (indicating failure)

IPDL protocol error: Handler returned error code!

###!!! [Parent][DispatchAsyncMessage] Error: PLayerTransaction::Msg_ReleaseLayer Processing error: message was deserialized, but the handler returned false (indicating failure)

IPDL protocol error: Handler returned error code!

###!!! [Parent][DispatchAsyncMessage] Error: PLayerTransaction::Msg_ReleaseLayer Processing error: message was deserialized, but the handler returned false (indicating failure)

console.warn: "Error while detaching the thread front: 'detach' request packet to 'server1.conn0.child1/context19' can't be sent as the connection is closed."
[Child 16316, Chrome_ChildThread] WARNING: pipe error: 109: file z:/task_1560820494/build/src/ipc/chromium/src/chrome/common/ipc_channel_win.cc, line 341
[Child 30072, Chrome_ChildThread] WARNING: pipe error: 109: file z:/task_1560820494/build/src/ipc/chromium/src/chrome/common/ipc_channel_win.cc, line 341
[Child 30072, Chrome_Chi1560939757073	Marionette	INFO	Stopped listening on port 61207

###!!! [Child][MessageChannel::SendAndWait] Error: Channel error: cannot send/recv

1560939827707	mozrunner::runner	INFO	Running command: "C:\\Program Files\\Mozilla Firefox\\firefox.exe" "-marionette" "-foreground" "-no-remote" "-profile" "C:\\Users\\Liu.DA\\AppData\\Local\\Temp\\rust_mozprofile.tQOCq79FPLTT"
1560939828233	addons.webextension.screenshots@mozilla.org	WARN	Loading extension 'screenshots@mozilla.org': Reading manifest: Invalid extension permission: mozillaAddons
1560939828233	addons.webextension.screenshots@mozilla.org	WARN	Loading extension 'screenshots@mozilla.org': Reading manifest: Invalid extension permission: resource://pdf.js/
1560939828233	addons.webextension.screenshots@mozilla.org	WARN	Loading extension 'screenshots@mozilla.org': Reading manifest: Invalid extension permission: about:reader*
1560939831557	Marionette	INFO	Listening on port 61349
1560939832057	Marionette	WARN	TLS certificate errors will be ignored for this session
[Child 23804, Chrome_ChildThread] WARNING: pipe error: 109: file z:/task_1560820494/build/src/ipc/chromium/src/chrome/common/ipc_channel_win.cc, line 341
[Child 23804,1560939851277	Marionette	INFO	Stopped listening on port 61349

###!!! [Child][MessageChannel::SendAndWait] Error: Channel error: cannot send/recv

1560940191243	mozrunner::runner	INFO	Running command: "C:\\Program Files\\Mozilla Firefox\\firefox.exe" "-marionette" "-foreground" "-no-remote" "-profile" "C:\\Users\\Liu.DA\\AppData\\Local\\Temp\\rust_mozprofile.rvXhNhGcXDWH"
1560940192097	addons.webextension.screenshots@mozilla.org	WARN	Loading extension 'screenshots@mozilla.org': Reading manifest: Invalid extension permission: mozillaAddons
1560940192098	addons.webextension.screenshots@mozilla.org	WARN	Loading extension 'screenshots@mozilla.org': Reading manifest: Invalid extension permission: resource://pdf.js/
1560940192098	addons.webextension.screenshots@mozilla.org	WARN	Loading extension 'screenshots@mozilla.org': Reading manifest: Invalid extension permission: about:reader*
1560940195589	Marionette	INFO	Listening on port 61992
1560940195599	Marionette	WARN	TLS certificate errors will be ignored for this session
[Parent 38840, Gecko_IOThread] WARNING: pipe error: 109: file z:/task_1560820494/build/src/ipc/chromium/src/chrome/common/ipc_channel_win.cc, line 341
[Parent 38840, Gecko_IOThread] WARNING: pipe error: 109: file z:/task_1560820494/build/src/ipc/chromium/src/chrome/common/ipc_channel_win.cc, line 341

###!!! [Child][MessageChannel] Error: (msgtype=0x530012,name=PHttpChannel::Msg___delete__) Channel closing: too late to send/recv, messages will be lost

[Child 27700, Chrome_ChildThread] WARNING: pipe error: 109: file z:/task_1560820494/build/src/ipc/chromium/src/chrome/common/ipc_channel_win.cc, line 341
[Child 2770[Parent 38840, Gecko_IOThread] WARNING: pipe error: 109: file z:/task_1560820494/build/src/ipc/chromium/src/chrome/common/ipc_channel_win.cc, line 341
[Child 37404, Chrome_ChildThread] WARNING: pipe error: 109: file z:/task_1560820494/build/src/ipc/chromium/src/chrome/common/ipc_channel_win.cc, line 341
[Child 37404, 1560940220155	Marionette	INFO	Stopped listening on port 61992

###!!! [Child][RunMessage] Error: Channel closing: too late to send/recv, messages will be lost

[GPU 
###!!! [Child][MessageChannel::SendAndWait] Error: Channel error: cannot send/recv

1560940252327	mozrunner::runner	INFO	Running command: "C:\\Program Files\\Mozilla Firefox\\firefox.exe" "-marionette" "-foreground" "-no-remote" "-profile" "C:\\Users\\Liu.DA\\AppData\\Local\\Temp\\rust_mozprofile.W2sogYsjn0Ts"
1560940252872	addons.webextension.screenshots@mozilla.org	WARN	Loading extension 'screenshots@mozilla.org': Reading manifest: Invalid extension permission: mozillaAddons
1560940252873	addons.webextension.screenshots@mozilla.org	WARN	Loading extension 'screenshots@mozilla.org': Reading manifest: Invalid extension permission: resource://pdf.js/
1560940252873	addons.webextension.screenshots@mozilla.org	WARN	Loading extension 'screenshots@mozilla.org': Reading manifest: Invalid extension permission: about:reader*
1560940256709	Marionette	INFO	Listening on port 62122
1560940256768	Marionette	WARN	TLS certificate errors will be ignored for this session
JavaScript error: https://ss1.bdstatic.com/5eN1bjq8AAUYm2zgoY3K/r/www/cache/static/protocol/https/jquery/jquery-1.10.2.min_65682a2.js, line 52: Error: Syntax error, unrecognized expression: .c-container /deep/ .c-container
JavaScript error: https://ss1.bdstatic.com/5eN1bjq8AAUYm2zgoY3K/r/www/cache/static/protocol/https/jquery/jquery-1.10.2.min_65682a2.js, line 52: Error: Syntax error, unrecognized expression: .c-container /deep/ .c-container
1560940326060	mozrunner::runner	INFO	Running command: "C:\\Program Files\\Mozilla Firefox\\firefox.exe" "-marionette" "-foreground" "-no-remote" "-profile" "C:\\Users\\Liu.DA\\AppData\\Local\\Temp\\rust_mozprofile.URc51j2wFgUA"
1560940326576	addons.webextension.screenshots@mozilla.org	WARN	Loading extension 'screenshots@mozilla.org': Reading manifest: Invalid extension permission: mozillaAddons
1560940326577	addons.webextension.screenshots@mozilla.org	WARN	Loading extension 'screenshots@mozilla.org': Reading manifest: Invalid extension permission: resource://pdf.js/
1560940326577	addons.webextension.screenshots@mozilla.org	WARN	Loading extension 'screenshots@mozilla.org': Reading manifest: Invalid extension permission: about:reader*
1560940330458	Marionette	INFO	Listening on port 62294
1560940330502	Marionette	WARN	TLS certificate errors will be ignored for this session
JavaScript error: https://ss1.bdstatic.com/5eN1bjq8AAUYm2zgoY3K/r/www/cache/static/protocol/https/jquery/jquery-1.10.2.min_65682a2.js, line 52: Error: Syntax error, unrecognized expression: .c-container /deep/ .c-container
JavaScript error: https://ss1.bdstatic.com/5eN1bjq8AAUYm2zgoY3K/r/www/cache/static/protocol/https/jquery/jquery-1.10.2.min_65682a2.js, line 52: Error: Syntax error, unrecognized expression: .c-container /deep/ .c-container
JavaScript error: https://www.seleniumhq.org/tophatpromo.js, line 1: ReferenceError: $ is not defined
JavaScript error: https://www.seleniumhq.org/tophatpromo.js, line 1: ReferenceError: $ is not defined
[Child 15784, Chrome_ChildThread] WARNING: pipe error: 109: file z:/task_1560820494/build/src/ipc/chromium/src/chrome/common/ipc_channel_win.cc, line 341
[Child 157[Parent 10504, Gecko_IOThread] WARNING: pipe error: 109: file z:/task_1560820494/build/src/ipc/chromium/src/chrome/common/ipc_channel_win.cc, line 341
1560940370789	Marionette	INFO	Stopped listening on port 62294

###!!! [Child][RunMessage] Error: Channel closing: too late to send/recv, messages will be lost

[
###!!! [Child][MessageChannel::SendAndWait] Error: Channel error: cannot send/recv

1560940629141	mozrunner::runner	INFO	Running command: "C:\\Program Files\\Mozilla Firefox\\firefox.exe" "-marionette" "-foreground" "-no-remote" "-profile" "C:\\Users\\Liu.DA\\AppData\\Local\\Temp\\rust_mozprofile.8lq44xklpNIP"
1560940629663	addons.webextension.screenshots@mozilla.org	WARN	Loading extension 'screenshots@mozilla.org': Reading manifest: Invalid extension permission: mozillaAddons
1560940629663	addons.webextension.screenshots@mozilla.org	WARN	Loading extension 'screenshots@mozilla.org': Reading manifest: Invalid extension permission: resource://pdf.js/
1560940629664	addons.webextension.screenshots@mozilla.org	WARN	Loading extension 'screenshots@mozilla.org': Reading manifest: Invalid extension permission: about:reader*
1560940633529	Marionette	INFO	Listening on port 62860
1560940633584	Marionette	WARN	TLS certificate errors will be ignored for this session
1560940636525	Marionette	INFO	Stopped listening on port 62860
IPDL protocol error: Handler returned error code!

###!!! [Parent][DispatchAsyncMessage] Error: PLayerTransaction::Msg_ReleaseLayer Processing error: message was deserialized, but the handler returned false (indicating failure)

IPDL protocol error: Handler returned error code!

###!!! [Parent][DispatchAsyncMessage] Error: PLayerTransaction::Msg_ReleaseLayer Processing error: message was deserialized, but the handler returned false (indicating failure)

IPDL protocol error: Handler returned error code!

###!!! [Parent][DispatchAsyncMessage] Error: PLayerTransaction::Msg_ReleaseLayer Processing error: message was deserialized, but the handler returned false (indicating failure)

IPDL protocol error: Handler returned error code!

###!!! [Parent][DispatchAsyncMessage] Error: PLayerTransaction::Msg_ReleaseLayer Processing error: message was deserialized, but the handler returned false (indicating failure)

IPDL protocol error: Handler returned error code!

###!!! [Parent][DispatchAsyncMessage] Error: PLayerTransaction::Msg_ReleaseLayer Processing error: message was deserialized, but the handler returned false (indicating failure)

IPDL protocol error: Handler returned error code!

###!!! [Parent][DispatchAsyncMessage] Error: PLayerTransaction::Msg_ReleaseLayer Processing error: message was deserialized, but the handler returned false (indicating failure)

IPDL protocol error: Handler returned error code!

###!!! [Parent][DispatchAsyncMessage] Error: PLayerTransaction::Msg_ReleaseLayer Processing error: message was deserialized, but the handler returned false (indicating failure)

IPDL protocol error: Handler returned error code!

###!!! [Parent][DispatchAsyncMessage] Error: PLayerTransaction::Msg_ReleaseLayer Processing error: message was deserialized, but the handler returned false (indicating failure)

IPDL protocol error: Handler returned error code!

###!!! [Parent][DispatchAsyncMessage] Error: PLayerTransaction::Msg_ReleaseLayer Processing error: message was deserialized, but the handler returned false (indicating failure)

IPDL protocol error: Handler returned error code!

###!!! [Parent][DispatchAsyncMessage] Error: PLayerTransaction::Msg_ReleaseLayer Processing error: message was deserialized, but the handler returned false (indicating failure)

IPDL protocol error: Handler returned error code!

###!!! [Parent][DispatchAsyncMessage] Error: PLayerTransaction::Msg_ReleaseLayer Processing error: message was deserialized, but the handler returned false (indicating failure)

[Parent 34020, Gecko_IOThread] WARNING: pipe error: 109: file z:/task_1560820494/build/src/ipc/chromium/src/chrome/common/ipc_channel_win.cc, line 341
[Child 40976, Chrome_ChildThread] WARNING: pipe error: 109: file z:/task_1560820494/build/src/ipc/chromium/src/chrome/common/ipc_channel_win.cc, line 341
[Child 40976, Chrome_ChildThread] WARNING: pipe error:
###!!! [Child][RunMessage] Error: Channel closing: too late to send/recv, messages will be lost

[Child 22184, Chrome_ChildThread] WARNING: pipe error: 109: file z:/task_1560820494/build/src/ipc/chromium/src/chrome/common/ipc_channel_win.cc, line 341
[Child 22184, C[GPU 
###!!! [Child][RunMessage] Error: Channel closing: too late to send/recv, messages will be lost

339
###!!! [Child][MessageChannel::SendAndWait] Error: Channel error: cannot send/recv

1560940660656	mozrunner::runner	INFO	Running command: "C:\\Program Files\\Mozilla Firefox\\firefox.exe" "-marionette" "-foreground" "-no-remote" "-profile" "C:\\Users\\Liu.DA\\AppData\\Local\\Temp\\rust_mozprofile.URAweykVKnH2"
1560940661217	addons.webextension.screenshots@mozilla.org	WARN	Loading extension 'screenshots@mozilla.org': Reading manifest: Invalid extension permission: mozillaAddons
1560940661217	addons.webextension.screenshots@mozilla.org	WARN	Loading extension 'screenshots@mozilla.org': Reading manifest: Invalid extension permission: resource://pdf.js/
1560940661217	addons.webextension.screenshots@mozilla.org	WARN	Loading extension 'screenshots@mozilla.org': Reading manifest: Invalid extension permission: about:reader*
1560940664694	Marionette	INFO	Listening on port 62958
1560940665003	Marionette	WARN	TLS certificate errors will be ignored for this session
JavaScript error: https://ss1.bdstatic.com/5eN1bjq8AAUYm2zgoY3K/r/www/cache/static/protocol/https/jquery/jquery-1.10.2.min_65682a2.js, line 52: Error: Syntax error, unrecognized expression: .c-container /deep/ .c-container
JavaScript error: https://ss1.bdstatic.com/5eN1bjq8AAUYm2zgoY3K/r/www/cache/static/protocol/https/jquery/jquery-1.10.2.min_65682a2.js, line 52: Error: Syntax error, unrecognized expression: .c-container /deep/ .c-container
1560940678054	Marionette	INFO	Stopped listening on port 62958
[Parent 26868, Gecko_IOThread] WARNING: pipe error: 109: file z:/task_1560820494/build/src/ipc/chromium/src/chrome/common/ipc_channel_win.cc, line 341
[Child 38024, Chrome_ChildThread] WARNING: pipe error: 109: file z:/task_1560820494/build/src/ipc/chromium/src/chrome/common/ipc_channel_win.cc, line 341
[Child 3802[Parent 26868, Gecko_IOThread] WARNING: pipe error: 109: file z:/task_1560820494/build/src/ipc/chromium/src/chrome/common/ipc_channel_win.cc, line 341
[Child 2368, Chrome_ChildThread] WARNING: pipe error: 109: file z:/task_1560820494/build/src/ipc/chromium/src/chrome/common/ipc_channel_win.cc, line 341
[Child 2368, C
###!!! [Child][MessageChannel::SendAndWait] Error: Channel error: cannot send/recv

1561451501644	mozrunner::runner	INFO	Running command: "C:\\Program Files\\Mozilla Firefox\\firefox.exe" "-marionette" "-foreground" "-no-remote" "-profile" "C:\\Users\\Liu.DA\\AppData\\Local\\Temp\\rust_mozprofile.gof9PlPAz8yi"
1561451527393	mozrunner::runner	INFO	Running command: "C:\\Program Files\\Mozilla Firefox\\firefox.exe" "-marionette" "-foreground" "-no-remote" "-profile" "C:\\Users\\Liu.DA\\AppData\\Local\\Temp\\rust_mozprofile.bTTonTEissMt"
1561451527946	addons.webextension.screenshots@mozilla.org	WARN	Loading extension 'screenshots@mozilla.org': Reading manifest: Invalid extension permission: mozillaAddons
1561451527947	addons.webextension.screenshots@mozilla.org	WARN	Loading extension 'screenshots@mozilla.org': Reading manifest: Invalid extension permission: resource://pdf.js/
1561451527947	addons.webextension.screenshots@mozilla.org	WARN	Loading extension 'screenshots@mozilla.org': Reading manifest: Invalid extension permission: about:reader*
1561451531400	Marionette	INFO	Listening on port 54686
1561451531779	Marionette	WARN	TLS certificate errors will be ignored for this session
JavaScript error: https://ss1.bdstatic.com/5eN1bjq8AAUYm2zgoY3K/r/www/cache/static/protocol/https/jquery/jquery-1.10.2.min_65682a2.js, line 52: Error: Syntax error, unrecognized expression: .c-container /deep/ .c-container
JavaScript error: https://ss1.bdstatic.com/5eN1bjq8AAUYm2zgoY3K/r/www/cache/static/protocol/https/jquery/jquery-1.10.2.min_65682a2.js, line 52: Error: Syntax error, unrecognized expression: .c-container /deep/ .c-container

###!!! [Child][RunMessage] Error: Channel closing: too late to send/recv, messages will be lost

[Child 27[Child 10412, Chrome_ChildThread] WARNING: pipe error: 109: file z:/task_1560988636/build/src/ipc/chromium/src/chrome/common/ipc_channel_win.cc, line 341
[Child 10412, Ch1561451539615	Marionette	INFO	Stopped listening on port 54686

###!!! [Child][RunMessage] Error: Channel closing: too late to send/recv, messages will be lost

[G
###!!! [Child][MessageChannel::SendAndWait] Error: Channel error: cannot send/recv

